[1120/120718.130:ERROR:directory_reader_win.cc(43)] FindFirstFile: ??????? ?? ??????? ????? ????????? ????. (0x3)
[1120/185330.293:ERROR:process_reader_win.cc(151)] SuspendThread: ???????? ? ???????. (0x5)
[1120/185330.293:ERROR:process_reader_win.cc(151)] SuspendThread: ???????? ? ???????. (0x5)
[1120/185330.293:ERROR:process_reader_win.cc(151)] SuspendThread: ???????? ? ???????. (0x5)
[1120/185330.293:ERROR:process_reader_win.cc(151)] SuspendThread: ???????? ? ???????. (0x5)
[1120/185330.293:ERROR:process_reader_win.cc(151)] SuspendThread: ???????? ? ???????. (0x5)
[1120/185330.293:ERROR:process_reader_win.cc(151)] SuspendThread: ???????? ? ???????. (0x5)
[1120/185330.293:ERROR:process_reader_win.cc(151)] SuspendThread: ???????? ? ???????. (0x5)
[1120/185330.293:ERROR:process_reader_win.cc(151)] SuspendThread: ???????? ? ???????. (0x5)
[1120/185330.293:ERROR:process_reader_win.cc(151)] SuspendThread: ???????? ? ???????. (0x5)
[1120/185330.293:ERROR:process_reader_win.cc(151)] SuspendThread: ???????? ? ???????. (0x5)
[1120/185330.293:ERROR:process_reader_win.cc(151)] SuspendThread: ???????? ? ???????. (0x5)
[1120/185330.293:ERROR:process_reader_win.cc(151)] SuspendThread: ???????? ? ???????. (0x5)
[1120/185330.293:ERROR:process_reader_win.cc(151)] SuspendThread: ???????? ? ???????. (0x5)
[1120/185330.293:ERROR:process_reader_win.cc(151)] SuspendThread: ???????? ? ???????. (0x5)
[1120/185330.293:ERROR:process_reader_win.cc(151)] SuspendThread: ???????? ? ???????. (0x5)
[1120/185330.293:ERROR:process_reader_win.cc(151)] SuspendThread: ???????? ? ???????. (0x5)
[1120/185330.293:ERROR:process_reader_win.cc(151)] SuspendThread: ???????? ? ???????. (0x5)
[1120/185330.293:ERROR:process_reader_win.cc(151)] SuspendThread: ???????? ? ???????. (0x5)
[1120/185330.293:ERROR:process_reader_win.cc(151)] SuspendThread: ???????? ? ???????. (0x5)
[1120/185330.293:ERROR:process_reader_win.cc(151)] SuspendThread: ???????? ? ???????. (0x5)
[1120/185330.293:ERROR:process_reader_win.cc(151)] SuspendThread: ???????? ? ???????. (0x5)
[1120/185330.293:ERROR:process_reader_win.cc(151)] SuspendThread: ???????? ? ???????. (0x5)
[1120/185330.293:ERROR:process_reader_win.cc(151)] SuspendThread: ???????? ? ???????. (0x5)
[1120/185330.293:ERROR:process_reader_win.cc(151)] SuspendThread: ???????? ? ???????. (0x5)
[1120/185330.293:ERROR:process_reader_win.cc(151)] SuspendThread: ???????? ? ???????. (0x5)
[1120/185330.293:ERROR:process_reader_win.cc(151)] SuspendThread: ???????? ? ???????. (0x5)
[1120/185330.293:ERROR:process_reader_win.cc(151)] SuspendThread: ???????? ? ???????. (0x5)
[1120/185330.293:ERROR:process_reader_win.cc(151)] SuspendThread: ???????? ? ???????. (0x5)
[1120/185330.293:ERROR:process_reader_win.cc(151)] SuspendThread: ???????? ? ???????. (0x5)
[1120/185330.293:ERROR:process_reader_win.cc(151)] SuspendThread: ???????? ? ???????. (0x5)
[1120/185330.293:ERROR:process_reader_win.cc(151)] SuspendThread: ???????? ? ???????. (0x5)
[1120/185330.293:ERROR:process_reader_win.cc(151)] SuspendThread: ???????? ? ???????. (0x5)
[1120/185330.293:ERROR:process_reader_win.cc(151)] SuspendThread: ???????? ? ???????. (0x5)
[1120/185330.293:ERROR:process_reader_win.cc(151)] SuspendThread: ???????? ? ???????. (0x5)
[1120/185330.293:ERROR:process_reader_win.cc(151)] SuspendThread: ???????? ? ???????. (0x5)
[1120/185330.293:ERROR:process_reader_win.cc(151)] SuspendThread: ???????? ? ???????. (0x5)
[1120/185330.293:ERROR:process_reader_win.cc(151)] SuspendThread: ???????? ? ???????. (0x5)
[1120/185330.293:ERROR:process_reader_win.cc(151)] SuspendThread: ???????? ? ???????. (0x5)
[1120/185330.293:ERROR:process_reader_win.cc(151)] SuspendThread: ???????? ? ???????. (0x5)
[1120/185330.293:ERROR:process_reader_win.cc(151)] SuspendThread: ???????? ? ???????. (0x5)
[1120/185330.293:ERROR:process_reader_win.cc(151)] SuspendThread: ???????? ? ???????. (0x5)
[1120/185330.293:ERROR:process_reader_win.cc(151)] SuspendThread: ???????? ? ???????. (0x5)
[1120/185330.293:ERROR:process_reader_win.cc(151)] SuspendThread: ???????? ? ???????. (0x5)
[1120/185330.293:ERROR:process_reader_win.cc(151)] SuspendThread: ???????? ? ???????. (0x5)
[1120/185330.293:ERROR:process_reader_win.cc(151)] SuspendThread: ???????? ? ???????. (0x5)
[1120/185330.293:ERROR:process_reader_win.cc(151)] SuspendThread: ???????? ? ???????. (0x5)
[1120/185330.293:ERROR:process_reader_win.cc(151)] SuspendThread: ???????? ? ???????. (0x5)
[1120/185330.309:ERROR:process_reader_win.cc(151)] SuspendThread: ???????? ? ???????. (0x5)
[1120/185330.309:ERROR:process_reader_win.cc(151)] SuspendThread: ???????? ? ???????. (0x5)
[1120/185330.309:ERROR:process_reader_win.cc(151)] SuspendThread: ???????? ? ???????. (0x5)
[1120/185330.309:ERROR:process_reader_win.cc(151)] SuspendThread: ???????? ? ???????. (0x5)
[1120/185330.309:ERROR:process_reader_win.cc(151)] SuspendThread: ???????? ? ???????. (0x5)
[1120/185330.309:ERROR:process_reader_win.cc(151)] SuspendThread: ???????? ? ???????. (0x5)
[1120/185330.309:ERROR:process_reader_win.cc(151)] SuspendThread: ???????? ? ???????. (0x5)
[1120/185330.309:ERROR:process_reader_win.cc(151)] SuspendThread: ???????? ? ???????. (0x5)
[1120/185330.309:ERROR:process_reader_win.cc(151)] SuspendThread: ???????? ? ???????. (0x5)
[1120/185330.309:ERROR:process_reader_win.cc(151)] SuspendThread: ???????? ? ???????. (0x5)
[1120/185330.309:ERROR:process_reader_win.cc(151)] SuspendThread: ???????? ? ???????. (0x5)
[1120/185330.309:ERROR:process_reader_win.cc(151)] SuspendThread: ???????? ? ???????. (0x5)
[1120/185330.309:ERROR:process_reader_win.cc(151)] SuspendThread: ???????? ? ???????. (0x5)
[1120/185330.309:ERROR:process_reader_win.cc(151)] SuspendThread: ???????? ? ???????. (0x5)
[1120/185330.293:ERROR:process_reader_win.cc(123)] NtOpenThread: {???????? ? ???????} ??????? ???????? ?????? ? ???????, ?? ????? ?? ?????? ?? ?????????????. (0xc0000022)
[1120/185330.324:ERROR:exception_snapshot_win.cc(99)] thread ID 7096 not found in process
[1120/185330.309:ERROR:process_reader_win.cc(123)] NtOpenThread: {???????? ? ???????} ??????? ???????? ?????? ? ???????, ?? ????? ?? ?????? ?? ?????????????. (0xc0000022)
[1120/185330.309:ERROR:process_reader_win.cc(123)] NtOpenThread: {???????? ? ???????} ??????? ???????? ?????? ? ???????, ?? ????? ?? ?????? ?? ?????????????. (0xc0000022)
[1120/185330.324:ERROR:exception_snapshot_win.cc(99)] thread ID 16924 not found in process
[1120/185330.293:ERROR:process_reader_win.cc(123)] NtOpenThread: {???????? ? ???????} ??????? ???????? ?????? ? ???????, ?? ????? ?? ?????? ?? ?????????????. (0xc0000022)
[1120/185330.324:ERROR:exception_snapshot_win.cc(99)] thread ID 12200 not found in process
[1120/185330.324:ERROR:exception_snapshot_win.cc(99)] thread ID 15532 not found in process
[1120/185330.293:ERROR:process_reader_win.cc(123)] NtOpenThread: {???????? ? ???????} ??????? ???????? ?????? ? ???????, ?? ????? ?? ?????? ?? ?????????????. (0xc0000022)
[1120/185330.324:ERROR:exception_snapshot_win.cc(99)] thread ID 13968 not found in process
[1120/185330.342:ERROR:process_reader_win.cc(151)] SuspendThread: ???????? ? ???????. (0x5)
[1120/185330.343:ERROR:process_reader_win.cc(151)] SuspendThread: ???????? ? ???????. (0x5)
[1120/185330.343:ERROR:process_reader_win.cc(151)] SuspendThread: ???????? ? ???????. (0x5)
[1120/185330.343:ERROR:process_reader_win.cc(151)] SuspendThread: ???????? ? ???????. (0x5)
[1120/185330.343:ERROR:process_reader_win.cc(123)] NtOpenThread: {???????? ? ???????} ??????? ???????? ?????? ? ???????, ?? ????? ?? ?????? ?? ?????????????. (0xc0000022)
[1120/185330.343:ERROR:exception_snapshot_win.cc(99)] thread ID 8124 not found in process
[1120/185330.344:ERROR:process_reader_win.cc(151)] SuspendThread: ???????? ? ???????. (0x5)
[1120/185330.347:ERROR:process_reader_win.cc(151)] SuspendThread: ???????? ? ???????. (0x5)
[1120/185330.347:ERROR:process_reader_win.cc(151)] SuspendThread: ???????? ? ???????. (0x5)
[1120/185330.347:ERROR:process_reader_win.cc(151)] SuspendThread: ???????? ? ???????. (0x5)
[1120/185330.347:ERROR:process_reader_win.cc(151)] SuspendThread: ???????? ? ???????. (0x5)
[1120/185330.348:ERROR:process_reader_win.cc(151)] SuspendThread: ???????? ? ???????. (0x5)
[1120/185330.348:ERROR:process_reader_win.cc(151)] SuspendThread: ???????? ? ???????. (0x5)
[1120/185330.348:ERROR:process_reader_win.cc(151)] SuspendThread: ???????? ? ???????. (0x5)
[1120/185330.348:ERROR:process_reader_win.cc(151)] SuspendThread: ???????? ? ???????. (0x5)
[1120/185330.348:ERROR:process_reader_win.cc(123)] NtOpenThread: {???????? ? ???????} ??????? ???????? ?????? ? ???????, ?? ????? ?? ?????? ?? ?????????????. (0xc0000022)
[1120/185330.348:ERROR:exception_snapshot_win.cc(99)] thread ID 14280 not found in process
[1120/185330.348:ERROR:process_reader_win.cc(151)] SuspendThread: ???????? ? ???????. (0x5)
[1120/185330.348:ERROR:process_reader_win.cc(123)] NtOpenThread: {???????? ? ???????} ??????? ???????? ?????? ? ???????, ?? ????? ?? ?????? ?? ?????????????. (0xc0000022)
[1120/185330.348:ERROR:exception_snapshot_win.cc(99)] thread ID 14320 not found in process
[1120/185330.357:ERROR:process_reader_win.cc(151)] SuspendThread: ???????? ? ???????. (0x5)
[1120/185330.357:ERROR:process_reader_win.cc(151)] SuspendThread: ???????? ? ???????. (0x5)
[1120/185330.357:ERROR:process_reader_win.cc(151)] SuspendThread: ???????? ? ???????. (0x5)
[1120/185330.357:ERROR:process_reader_win.cc(151)] SuspendThread: ???????? ? ???????. (0x5)
[1120/185330.357:ERROR:process_reader_win.cc(151)] SuspendThread: ???????? ? ???????. (0x5)
[1120/185330.358:ERROR:process_reader_win.cc(151)] SuspendThread: ???????? ? ???????. (0x5)
[1120/185330.358:ERROR:process_reader_win.cc(151)] SuspendThread: ???????? ? ???????. (0x5)
[1120/185330.358:ERROR:process_reader_win.cc(123)] NtOpenThread: {???????? ? ???????} ??????? ???????? ?????? ? ???????, ?? ????? ?? ?????? ?? ?????????????. (0xc0000022)
[1120/185330.358:ERROR:exception_snapshot_win.cc(99)] thread ID 10276 not found in process
[1120/185330.357:ERROR:process_reader_win.cc(123)] NtOpenThread: {???????? ? ???????} ??????? ???????? ?????? ? ???????, ?? ????? ?? ?????? ?? ?????????????. (0xc0000022)
[1120/185330.358:ERROR:exception_snapshot_win.cc(99)] thread ID 14316 not found in process
[1120/185330.360:ERROR:process_reader_win.cc(151)] SuspendThread: ???????? ? ???????. (0x5)
[1120/185330.360:ERROR:process_reader_win.cc(151)] SuspendThread: ???????? ? ???????. (0x5)
[1120/185330.360:ERROR:process_reader_win.cc(151)] SuspendThread: ???????? ? ???????. (0x5)
[1120/185330.360:ERROR:process_reader_win.cc(151)] SuspendThread: ???????? ? ???????. (0x5)
[1120/185330.360:ERROR:process_reader_win.cc(123)] NtOpenThread: {???????? ? ???????} ??????? ???????? ?????? ? ???????, ?? ????? ?? ?????? ?? ?????????????. (0xc0000022)
[1120/185330.360:ERROR:exception_snapshot_win.cc(99)] thread ID 10364 not found in process
[1120/185330.363:ERROR:process_reader_win.cc(151)] SuspendThread: ???????? ? ???????. (0x5)
[1120/185330.363:ERROR:process_reader_win.cc(151)] SuspendThread: ???????? ? ???????. (0x5)
[1120/185330.363:ERROR:process_reader_win.cc(151)] SuspendThread: ???????? ? ???????. (0x5)
[1120/185330.363:ERROR:process_reader_win.cc(123)] NtOpenThread: {???????? ? ???????} ??????? ???????? ?????? ? ???????, ?? ????? ?? ?????? ?? ?????????????. (0xc0000022)
[1120/185330.363:ERROR:exception_snapshot_win.cc(99)] thread ID 13992 not found in process
[1120/185330.365:ERROR:process_reader_win.cc(151)] SuspendThread: ???????? ? ???????. (0x5)
[1120/185330.365:ERROR:process_reader_win.cc(151)] SuspendThread: ???????? ? ???????. (0x5)
[1120/185330.365:ERROR:process_reader_win.cc(151)] SuspendThread: ???????? ? ???????. (0x5)
[1120/185330.365:ERROR:process_reader_win.cc(151)] SuspendThread: ???????? ? ???????. (0x5)
[1120/185330.365:ERROR:process_reader_win.cc(123)] NtOpenThread: {???????? ? ???????} ??????? ???????? ?????? ? ???????, ?? ????? ?? ?????? ?? ?????????????. (0xc0000022)
[1120/185330.365:ERROR:exception_snapshot_win.cc(99)] thread ID 25024 not found in process
[1120/185330.367:ERROR:process_reader_win.cc(151)] SuspendThread: ???????? ? ???????. (0x5)
[1120/185330.368:ERROR:process_reader_win.cc(151)] SuspendThread: ???????? ? ???????. (0x5)
[1120/185330.368:ERROR:process_reader_win.cc(151)] SuspendThread: ???????? ? ???????. (0x5)
[1120/185330.368:ERROR:process_reader_win.cc(151)] SuspendThread: ???????? ? ???????. (0x5)
[1120/185330.368:ERROR:process_reader_win.cc(151)] SuspendThread: ???????? ? ???????. (0x5)
[1120/185330.368:ERROR:process_reader_win.cc(123)] NtOpenThread: {???????? ? ???????} ??????? ???????? ?????? ? ???????, ?? ????? ?? ?????? ?? ?????????????. (0xc0000022)
[1120/185330.368:ERROR:exception_snapshot_win.cc(99)] thread ID 26980 not found in process
[1120/185330.373:ERROR:process_reader_win.cc(151)] SuspendThread: ???????? ? ???????. (0x5)
[1120/185330.373:ERROR:process_reader_win.cc(151)] SuspendThread: ???????? ? ???????. (0x5)
[1120/185330.373:ERROR:process_reader_win.cc(151)] SuspendThread: ???????? ? ???????. (0x5)
[1120/185330.373:ERROR:process_reader_win.cc(123)] NtOpenThread: {???????? ? ???????} ??????? ???????? ?????? ? ???????, ?? ????? ?? ?????? ?? ?????????????. (0xc0000022)
[1120/185330.373:ERROR:exception_snapshot_win.cc(99)] thread ID 29956 not found in process
[1120/185330.375:ERROR:process_reader_win.cc(151)] SuspendThread: ???????? ? ???????. (0x5)
[1120/185330.375:ERROR:process_reader_win.cc(151)] SuspendThread: ???????? ? ???????. (0x5)
[1120/185330.375:ERROR:process_reader_win.cc(151)] SuspendThread: ???????? ? ???????. (0x5)
[1120/185330.375:ERROR:process_reader_win.cc(123)] NtOpenThread: {???????? ? ???????} ??????? ???????? ?????? ? ???????, ?? ????? ?? ?????? ?? ?????????????. (0xc0000022)
[1120/185330.375:ERROR:exception_snapshot_win.cc(99)] thread ID 30292 not found in process
[1120/185330.379:ERROR:process_reader_win.cc(151)] SuspendThread: ???????? ? ???????. (0x5)
[1120/185330.379:ERROR:process_reader_win.cc(151)] SuspendThread: ???????? ? ???????. (0x5)
[1120/185330.379:ERROR:process_reader_win.cc(151)] SuspendThread: ???????? ? ???????. (0x5)
[1120/185330.379:ERROR:process_reader_win.cc(151)] SuspendThread: ???????? ? ???????. (0x5)
[1120/185330.379:ERROR:process_reader_win.cc(151)] SuspendThread: ???????? ? ???????. (0x5)
[1120/185330.379:ERROR:process_reader_win.cc(151)] SuspendThread: ???????? ? ???????. (0x5)
[1120/185330.379:ERROR:process_reader_win.cc(123)] NtOpenThread: {???????? ? ???????} ??????? ???????? ?????? ? ???????, ?? ????? ?? ?????? ?? ?????????????. (0xc0000022)
[1120/185330.379:ERROR:exception_snapshot_win.cc(99)] thread ID 15340 not found in process
[1120/185330.293:ERROR:process_reader_win.cc(123)] NtOpenThread: {???????? ? ???????} ??????? ???????? ?????? ? ???????, ?? ????? ?? ?????? ?? ?????????????. (0xc0000022)
[1120/185330.386:ERROR:exception_snapshot_win.cc(99)] thread ID 30660 not found in process
[1120/185330.389:ERROR:process_reader_win.cc(151)] SuspendThread: ???????? ? ???????. (0x5)
[1120/185330.389:ERROR:process_reader_win.cc(151)] SuspendThread: ???????? ? ???????. (0x5)
[1120/185330.389:ERROR:process_reader_win.cc(151)] SuspendThread: ???????? ? ???????. (0x5)
[1120/185330.389:ERROR:process_reader_win.cc(151)] SuspendThread: ???????? ? ???????. (0x5)
[1120/185330.389:ERROR:process_reader_win.cc(151)] SuspendThread: ???????? ? ???????. (0x5)
[1120/185330.389:ERROR:process_reader_win.cc(151)] SuspendThread: ???????? ? ???????. (0x5)
[1120/185330.389:ERROR:process_reader_win.cc(123)] NtOpenThread: {???????? ? ???????} ??????? ???????? ?????? ? ???????, ?? ????? ?? ?????? ?? ?????????????. (0xc0000022)
[1120/185330.389:ERROR:exception_snapshot_win.cc(99)] thread ID 30532 not found in process
[1120/185330.418:ERROR:process_reader_win.cc(151)] SuspendThread: ???????? ? ???????. (0x5)
[1120/185330.418:ERROR:process_reader_win.cc(151)] SuspendThread: ???????? ? ???????. (0x5)
[1120/185330.418:ERROR:process_reader_win.cc(151)] SuspendThread: ???????? ? ???????. (0x5)
[1120/185330.418:ERROR:process_reader_win.cc(151)] SuspendThread: ???????? ? ???????. (0x5)
[1120/185330.418:ERROR:process_reader_win.cc(151)] SuspendThread: ???????? ? ???????. (0x5)
[1120/185330.419:ERROR:process_reader_win.cc(151)] SuspendThread: ???????? ? ???????. (0x5)
[1120/185330.419:ERROR:process_reader_win.cc(151)] SuspendThread: ???????? ? ???????. (0x5)
[1120/185330.419:ERROR:process_reader_win.cc(151)] SuspendThread: ???????? ? ???????. (0x5)
[1120/185330.418:ERROR:process_reader_win.cc(151)] SuspendThread: ???????? ? ???????. (0x5)
[1120/185330.419:ERROR:process_reader_win.cc(151)] SuspendThread: ???????? ? ???????. (0x5)
[1120/185330.419:ERROR:process_reader_win.cc(151)] SuspendThread: ???????? ? ???????. (0x5)
[1120/185330.419:ERROR:process_reader_win.cc(151)] SuspendThread: ???????? ? ???????. (0x5)
[1120/185330.419:ERROR:process_reader_win.cc(151)] SuspendThread: ???????? ? ???????. (0x5)
[1120/185330.419:ERROR:process_reader_win.cc(151)] SuspendThread: ???????? ? ???????. (0x5)
[1120/185330.419:ERROR:process_reader_win.cc(151)] SuspendThread: ???????? ? ???????. (0x5)
[1120/185330.419:ERROR:process_reader_win.cc(151)] SuspendThread: ???????? ? ???????. (0x5)
[1120/185330.419:ERROR:process_reader_win.cc(151)] SuspendThread: ???????? ? ???????. (0x5)
[1120/185330.419:ERROR:process_reader_win.cc(151)] SuspendThread: ???????? ? ???????. (0x5)
[1120/185330.419:ERROR:process_reader_win.cc(151)] SuspendThread: ???????? ? ???????. (0x5)
[1120/185330.419:ERROR:process_reader_win.cc(151)] SuspendThread: ???????? ? ???????. (0x5)
[1120/185330.419:ERROR:process_reader_win.cc(123)] NtOpenThread: {???????? ? ???????} ??????? ???????? ?????? ? ???????, ?? ????? ?? ?????? ?? ?????????????. (0xc0000022)
[1120/185330.419:ERROR:process_reader_win.cc(151)] SuspendThread: ???????? ? ???????. (0x5)
[1120/185330.419:ERROR:exception_snapshot_win.cc(99)] thread ID 15620 not found in process
[1120/185330.419:ERROR:process_reader_win.cc(151)] SuspendThread: ???????? ? ???????. (0x5)
[1120/185330.420:ERROR:process_reader_win.cc(151)] SuspendThread: ???????? ? ???????. (0x5)
[1120/185330.420:ERROR:process_reader_win.cc(151)] SuspendThread: ???????? ? ???????. (0x5)
[1120/185330.420:ERROR:process_reader_win.cc(151)] SuspendThread: ???????? ? ???????. (0x5)
[1120/185330.420:ERROR:process_reader_win.cc(151)] SuspendThread: ???????? ? ???????. (0x5)
[1120/185330.420:ERROR:process_reader_win.cc(151)] SuspendThread: ???????? ? ???????. (0x5)
[1120/185330.420:ERROR:process_reader_win.cc(123)] NtOpenThread: {???????? ? ???????} ??????? ???????? ?????? ? ???????, ?? ????? ?? ?????? ?? ?????????????. (0xc0000022)
[1120/185330.420:ERROR:exception_snapshot_win.cc(99)] thread ID 21416 not found in process
[1120/185330.422:ERROR:process_reader_win.cc(151)] SuspendThread: ???????? ? ???????. (0x5)
[1120/185330.422:ERROR:process_reader_win.cc(151)] SuspendThread: ???????? ? ???????. (0x5)
[1120/185330.422:ERROR:process_reader_win.cc(151)] SuspendThread: ???????? ? ???????. (0x5)
[1120/185330.422:ERROR:process_reader_win.cc(151)] SuspendThread: ???????? ? ???????. (0x5)
[1120/185330.422:ERROR:process_reader_win.cc(151)] SuspendThread: ???????? ? ???????. (0x5)
[1120/185330.422:ERROR:process_reader_win.cc(151)] SuspendThread: ???????? ? ???????. (0x5)
[1120/185330.422:ERROR:process_reader_win.cc(151)] SuspendThread: ???????? ? ???????. (0x5)
[1120/185330.423:ERROR:process_reader_win.cc(151)] SuspendThread: ???????? ? ???????. (0x5)
[1120/185330.423:ERROR:process_reader_win.cc(151)] SuspendThread: ???????? ? ???????. (0x5)
[1120/185330.423:ERROR:process_reader_win.cc(151)] SuspendThread: ???????? ? ???????. (0x5)
[1120/185330.423:ERROR:process_reader_win.cc(151)] SuspendThread: ???????? ? ???????. (0x5)
[1120/185330.423:ERROR:process_reader_win.cc(151)] SuspendThread: ???????? ? ???????. (0x5)
[1120/185330.423:ERROR:process_reader_win.cc(151)] SuspendThread: ???????? ? ???????. (0x5)
[1120/185330.423:ERROR:process_reader_win.cc(123)] NtOpenThread: {???????? ? ???????} ??????? ???????? ?????? ? ???????, ?? ????? ?? ?????? ?? ?????????????. (0xc0000022)
[1120/185330.423:ERROR:exception_snapshot_win.cc(99)] thread ID 12536 not found in process
[1120/185330.426:ERROR:process_reader_win.cc(151)] SuspendThread: ???????? ? ???????. (0x5)
[1120/185330.426:ERROR:process_reader_win.cc(151)] SuspendThread: ???????? ? ???????. (0x5)
[1120/185330.426:ERROR:process_reader_win.cc(151)] SuspendThread: ???????? ? ???????. (0x5)
[1120/185330.426:ERROR:process_reader_win.cc(151)] SuspendThread: ???????? ? ???????. (0x5)
[1120/185330.426:ERROR:process_reader_win.cc(151)] SuspendThread: ???????? ? ???????. (0x5)
[1120/185330.426:ERROR:process_reader_win.cc(151)] SuspendThread: ???????? ? ???????. (0x5)
[1120/185330.427:ERROR:process_reader_win.cc(151)] SuspendThread: ???????? ? ???????. (0x5)
[1120/185330.427:ERROR:process_reader_win.cc(151)] SuspendThread: ???????? ? ???????. (0x5)
[1120/185330.427:ERROR:process_reader_win.cc(151)] SuspendThread: ???????? ? ???????. (0x5)
[1120/185330.427:ERROR:process_reader_win.cc(151)] SuspendThread: ???????? ? ???????. (0x5)
[1120/185330.427:ERROR:process_reader_win.cc(151)] SuspendThread: ???????? ? ???????. (0x5)
[1120/185330.427:ERROR:process_reader_win.cc(151)] SuspendThread: ???????? ? ???????. (0x5)
[1120/185330.427:ERROR:process_reader_win.cc(151)] SuspendThread: ???????? ? ???????. (0x5)
[1120/185330.427:ERROR:process_reader_win.cc(151)] SuspendThread: ???????? ? ???????. (0x5)
[1120/185330.427:ERROR:process_reader_win.cc(151)] SuspendThread: ???????? ? ???????. (0x5)
[1120/185330.427:ERROR:process_reader_win.cc(123)] NtOpenThread: {???????? ? ???????} ??????? ???????? ?????? ? ???????, ?? ????? ?? ?????? ?? ?????????????. (0xc0000022)
[1120/185330.427:ERROR:exception_snapshot_win.cc(99)] thread ID 15124 not found in process
[1120/185330.428:ERROR:process_reader_win.cc(151)] SuspendThread: ???????? ? ???????. (0x5)
[1120/185330.428:ERROR:process_reader_win.cc(151)] SuspendThread: ???????? ? ???????. (0x5)
[1120/185330.428:ERROR:process_reader_win.cc(151)] SuspendThread: ???????? ? ???????. (0x5)
[1120/185330.428:ERROR:process_reader_win.cc(151)] SuspendThread: ???????? ? ???????. (0x5)
[1120/185330.428:ERROR:process_reader_win.cc(151)] SuspendThread: ???????? ? ???????. (0x5)
[1120/185330.428:ERROR:process_reader_win.cc(151)] SuspendThread: ???????? ? ???????. (0x5)
[1120/185330.429:ERROR:process_reader_win.cc(151)] SuspendThread: ???????? ? ???????. (0x5)
[1120/185330.429:ERROR:process_reader_win.cc(151)] SuspendThread: ???????? ? ???????. (0x5)
[1120/185330.429:ERROR:process_reader_win.cc(151)] SuspendThread: ???????? ? ???????. (0x5)
[1120/185330.429:ERROR:process_reader_win.cc(151)] SuspendThread: ???????? ? ???????. (0x5)
[1120/185330.429:ERROR:process_reader_win.cc(151)] SuspendThread: ???????? ? ???????. (0x5)
[1120/185330.429:ERROR:process_reader_win.cc(151)] SuspendThread: ???????? ? ???????. (0x5)
[1120/185330.429:ERROR:process_reader_win.cc(151)] SuspendThread: ???????? ? ???????. (0x5)
[1120/185330.429:ERROR:process_reader_win.cc(151)] SuspendThread: ???????? ? ???????. (0x5)
[1120/185330.429:ERROR:process_reader_win.cc(151)] SuspendThread: ???????? ? ???????. (0x5)
[1120/185330.429:ERROR:process_reader_win.cc(151)] SuspendThread: ???????? ? ???????. (0x5)
[1120/185330.429:ERROR:process_reader_win.cc(151)] SuspendThread: ???????? ? ???????. (0x5)
[1120/185330.429:ERROR:process_reader_win.cc(151)] SuspendThread: ???????? ? ???????. (0x5)
[1120/185330.429:ERROR:process_reader_win.cc(151)] SuspendThread: ???????? ? ???????. (0x5)
[1120/185330.429:ERROR:process_reader_win.cc(151)] SuspendThread: ???????? ? ???????. (0x5)
[1120/185330.429:ERROR:process_reader_win.cc(151)] SuspendThread: ???????? ? ???????. (0x5)
[1120/185330.429:ERROR:process_reader_win.cc(123)] NtOpenThread: {???????? ? ???????} ??????? ???????? ?????? ? ???????, ?? ????? ?? ?????? ?? ?????????????. (0xc0000022)
[1120/185330.429:ERROR:exception_snapshot_win.cc(99)] thread ID 18524 not found in process
[1120/185330.429:ERROR:process_reader_win.cc(151)] SuspendThread: ???????? ? ???????. (0x5)
[1120/185330.430:ERROR:process_reader_win.cc(151)] SuspendThread: ???????? ? ???????. (0x5)
[1120/185330.430:ERROR:process_reader_win.cc(151)] SuspendThread: ???????? ? ???????. (0x5)
[1120/185330.430:ERROR:process_reader_win.cc(151)] SuspendThread: ???????? ? ???????. (0x5)
[1120/185330.430:ERROR:process_reader_win.cc(151)] SuspendThread: ???????? ? ???????. (0x5)
[1120/185330.430:ERROR:process_reader_win.cc(151)] SuspendThread: ???????? ? ???????. (0x5)
[1120/185330.430:ERROR:process_reader_win.cc(151)] SuspendThread: ???????? ? ???????. (0x5)
[1120/185330.430:ERROR:process_reader_win.cc(151)] SuspendThread: ???????? ? ???????. (0x5)
[1120/185330.430:ERROR:process_reader_win.cc(151)] SuspendThread: ???????? ? ???????. (0x5)
[1120/185330.430:ERROR:process_reader_win.cc(151)] SuspendThread: ???????? ? ???????. (0x5)
[1120/185330.430:ERROR:process_reader_win.cc(151)] SuspendThread: ???????? ? ???????. (0x5)
[1120/185330.430:ERROR:process_reader_win.cc(151)] SuspendThread: ???????? ? ???????. (0x5)
[1120/185330.430:ERROR:process_reader_win.cc(123)] NtOpenThread: {???????? ? ???????} ??????? ???????? ?????? ? ???????, ?? ????? ?? ?????? ?? ?????????????. (0xc0000022)
[1120/185330.430:ERROR:exception_snapshot_win.cc(99)] thread ID 14068 not found in process
[1120/185330.432:ERROR:process_reader_win.cc(151)] SuspendThread: ???????? ? ???????. (0x5)
[1120/185330.432:ERROR:process_reader_win.cc(151)] SuspendThread: ???????? ? ???????. (0x5)
[1120/185330.432:ERROR:process_reader_win.cc(151)] SuspendThread: ???????? ? ???????. (0x5)
[1120/185330.432:ERROR:process_reader_win.cc(151)] SuspendThread: ???????? ? ???????. (0x5)
[1120/185330.433:ERROR:process_reader_win.cc(151)] SuspendThread: ???????? ? ???????. (0x5)
[1120/185330.433:ERROR:process_reader_win.cc(151)] SuspendThread: ???????? ? ???????. (0x5)
[1120/185330.433:ERROR:process_reader_win.cc(151)] SuspendThread: ???????? ? ???????. (0x5)
[1120/185330.433:ERROR:process_reader_win.cc(151)] SuspendThread: ???????? ? ???????. (0x5)
[1120/185330.433:ERROR:process_reader_win.cc(151)] SuspendThread: ???????? ? ???????. (0x5)
[1120/185330.433:ERROR:process_reader_win.cc(151)] SuspendThread: ???????? ? ???????. (0x5)
[1120/185330.433:ERROR:process_reader_win.cc(151)] SuspendThread: ???????? ? ???????. (0x5)
[1120/185330.433:ERROR:process_reader_win.cc(151)] SuspendThread: ???????? ? ???????. (0x5)
[1120/185330.433:ERROR:process_reader_win.cc(151)] SuspendThread: ???????? ? ???????. (0x5)
[1120/185330.433:ERROR:process_reader_win.cc(151)] SuspendThread: ???????? ? ???????. (0x5)
[1120/185330.433:ERROR:process_reader_win.cc(123)] NtOpenThread: {???????? ? ???????} ??????? ???????? ?????? ? ???????, ?? ????? ?? ?????? ?? ?????????????. (0xc0000022)
[1120/185330.433:ERROR:exception_snapshot_win.cc(99)] thread ID 21788 not found in process
[1120/185330.433:ERROR:process_reader_win.cc(151)] SuspendThread: ???????? ? ???????. (0x5)
[1120/185330.434:ERROR:process_reader_win.cc(151)] SuspendThread: ???????? ? ???????. (0x5)
[1120/185330.434:ERROR:process_reader_win.cc(151)] SuspendThread: ???????? ? ???????. (0x5)
[1120/185330.434:ERROR:process_reader_win.cc(151)] SuspendThread: ???????? ? ???????. (0x5)
[1120/185330.434:ERROR:process_reader_win.cc(151)] SuspendThread: ???????? ? ???????. (0x5)
[1120/185330.434:ERROR:process_reader_win.cc(151)] SuspendThread: ???????? ? ???????. (0x5)
[1120/185330.434:ERROR:process_reader_win.cc(151)] SuspendThread: ???????? ? ???????. (0x5)
[1120/185330.434:ERROR:process_reader_win.cc(151)] SuspendThread: ???????? ? ???????. (0x5)
[1120/185330.434:ERROR:process_reader_win.cc(151)] SuspendThread: ???????? ? ???????. (0x5)
[1120/185330.434:ERROR:process_reader_win.cc(151)] SuspendThread: ???????? ? ???????. (0x5)
[1120/185330.434:ERROR:process_reader_win.cc(151)] SuspendThread: ???????? ? ???????. (0x5)
[1120/185330.434:ERROR:process_reader_win.cc(151)] SuspendThread: ???????? ? ???????. (0x5)
[1120/185330.435:ERROR:process_reader_win.cc(151)] SuspendThread: ???????? ? ???????. (0x5)
[1120/185330.435:ERROR:process_reader_win.cc(151)] SuspendThread: ???????? ? ???????. (0x5)
[1120/185330.435:ERROR:process_reader_win.cc(151)] SuspendThread: ???????? ? ???????. (0x5)
[1120/185330.435:ERROR:process_reader_win.cc(123)] NtOpenThread: {???????? ? ???????} ??????? ???????? ?????? ? ???????, ?? ????? ?? ?????? ?? ?????????????. (0xc0000022)
[1120/185330.435:ERROR:exception_snapshot_win.cc(99)] thread ID 30776 not found in process
[1120/185330.437:ERROR:process_reader_win.cc(151)] SuspendThread: ???????? ? ???????. (0x5)
[1120/185330.437:ERROR:process_reader_win.cc(151)] SuspendThread: ???????? ? ???????. (0x5)
[1120/185330.437:ERROR:process_reader_win.cc(151)] SuspendThread: ???????? ? ???????. (0x5)
[1120/185330.437:ERROR:process_reader_win.cc(151)] SuspendThread: ???????? ? ???????. (0x5)
[1120/185330.437:ERROR:process_reader_win.cc(151)] SuspendThread: ???????? ? ???????. (0x5)
[1120/185330.437:ERROR:process_reader_win.cc(151)] SuspendThread: ???????? ? ???????. (0x5)
[1120/185330.437:ERROR:process_reader_win.cc(151)] SuspendThread: ???????? ? ???????. (0x5)
[1120/185330.437:ERROR:process_reader_win.cc(151)] SuspendThread: ???????? ? ???????. (0x5)
[1120/185330.437:ERROR:process_reader_win.cc(151)] SuspendThread: ???????? ? ???????. (0x5)
[1120/185330.437:ERROR:process_reader_win.cc(151)] SuspendThread: ???????? ? ???????. (0x5)
[1120/185330.438:ERROR:process_reader_win.cc(151)] SuspendThread: ???????? ? ???????. (0x5)
[1120/185330.438:ERROR:process_reader_win.cc(151)] SuspendThread: ???????? ? ???????. (0x5)
[1120/185330.438:ERROR:process_reader_win.cc(151)] SuspendThread: ???????? ? ???????. (0x5)
[1120/185330.438:ERROR:process_reader_win.cc(151)] SuspendThread: ???????? ? ???????. (0x5)
[1120/185330.438:ERROR:process_reader_win.cc(123)] NtOpenThread: {???????? ? ???????} ??????? ???????? ?????? ? ???????, ?? ????? ?? ?????? ?? ?????????????. (0xc0000022)
[1120/185330.438:ERROR:exception_snapshot_win.cc(99)] thread ID 24872 not found in process
[1120/185330.441:ERROR:process_reader_win.cc(151)] SuspendThread: ???????? ? ???????. (0x5)
[1120/185330.441:ERROR:process_reader_win.cc(151)] SuspendThread: ???????? ? ???????. (0x5)
[1120/185330.441:ERROR:process_reader_win.cc(151)] SuspendThread: ???????? ? ???????. (0x5)
[1120/185330.441:ERROR:process_reader_win.cc(151)] SuspendThread: ???????? ? ???????. (0x5)
[1120/185330.441:ERROR:process_reader_win.cc(151)] SuspendThread: ???????? ? ???????. (0x5)
[1120/185330.441:ERROR:process_reader_win.cc(151)] SuspendThread: ???????? ? ???????. (0x5)
[1120/185330.441:ERROR:process_reader_win.cc(151)] SuspendThread: ???????? ? ???????. (0x5)
[1120/185330.441:ERROR:process_reader_win.cc(151)] SuspendThread: ???????? ? ???????. (0x5)
[1120/185330.442:ERROR:process_reader_win.cc(151)] SuspendThread: ???????? ? ???????. (0x5)
[1120/185330.442:ERROR:process_reader_win.cc(151)] SuspendThread: ???????? ? ???????. (0x5)
[1120/185330.442:ERROR:process_reader_win.cc(151)] SuspendThread: ???????? ? ???????. (0x5)
[1120/185330.442:ERROR:process_reader_win.cc(151)] SuspendThread: ???????? ? ???????. (0x5)
[1120/185330.442:ERROR:process_reader_win.cc(151)] SuspendThread: ???????? ? ???????. (0x5)
[1120/185330.442:ERROR:process_reader_win.cc(151)] SuspendThread: ???????? ? ???????. (0x5)
[1120/185330.442:ERROR:process_reader_win.cc(123)] NtOpenThread: {???????? ? ???????} ??????? ???????? ?????? ? ???????, ?? ????? ?? ?????? ?? ?????????????. (0xc0000022)
[1120/185330.442:ERROR:exception_snapshot_win.cc(99)] thread ID 18516 not found in process
[1120/185330.444:ERROR:process_reader_win.cc(151)] SuspendThread: ???????? ? ???????. (0x5)
[1120/185330.444:ERROR:process_reader_win.cc(151)] SuspendThread: ???????? ? ???????. (0x5)
[1120/185330.445:ERROR:process_reader_win.cc(151)] SuspendThread: ???????? ? ???????. (0x5)
[1120/185330.445:ERROR:process_reader_win.cc(151)] SuspendThread: ???????? ? ???????. (0x5)
[1120/185330.445:ERROR:process_reader_win.cc(151)] SuspendThread: ???????? ? ???????. (0x5)
[1120/185330.445:ERROR:process_reader_win.cc(151)] SuspendThread: ???????? ? ???????. (0x5)
[1120/185330.445:ERROR:process_reader_win.cc(151)] SuspendThread: ???????? ? ???????. (0x5)
[1120/185330.445:ERROR:process_reader_win.cc(151)] SuspendThread: ???????? ? ???????. (0x5)
[1120/185330.445:ERROR:process_reader_win.cc(151)] SuspendThread: ???????? ? ???????. (0x5)
[1120/185330.445:ERROR:process_reader_win.cc(151)] SuspendThread: ???????? ? ???????. (0x5)
[1120/185330.445:ERROR:process_reader_win.cc(151)] SuspendThread: ???????? ? ???????. (0x5)
[1120/185330.445:ERROR:process_reader_win.cc(151)] SuspendThread: ???????? ? ???????. (0x5)
[1120/185330.445:ERROR:process_reader_win.cc(151)] SuspendThread: ???????? ? ???????. (0x5)
[1120/185330.446:ERROR:process_reader_win.cc(151)] SuspendThread: ???????? ? ???????. (0x5)
[1120/185330.446:ERROR:process_reader_win.cc(123)] NtOpenThread: {???????? ? ???????} ??????? ???????? ?????? ? ???????, ?? ????? ?? ?????? ?? ?????????????. (0xc0000022)
[1120/185330.446:ERROR:exception_snapshot_win.cc(99)] thread ID 15140 not found in process
[1120/185330.446:ERROR:process_reader_win.cc(151)] SuspendThread: ???????? ? ???????. (0x5)
[1120/185330.446:ERROR:process_reader_win.cc(151)] SuspendThread: ???????? ? ???????. (0x5)
[1120/185330.446:ERROR:process_reader_win.cc(151)] SuspendThread: ???????? ? ???????. (0x5)
[1120/185330.446:ERROR:process_reader_win.cc(151)] SuspendThread: ???????? ? ???????. (0x5)
[1120/185330.446:ERROR:process_reader_win.cc(151)] SuspendThread: ???????? ? ???????. (0x5)
[1120/185330.446:ERROR:process_reader_win.cc(151)] SuspendThread: ???????? ? ???????. (0x5)
[1120/185330.446:ERROR:process_reader_win.cc(151)] SuspendThread: ???????? ? ???????. (0x5)
[1120/185330.447:ERROR:process_reader_win.cc(151)] SuspendThread: ???????? ? ???????. (0x5)
[1120/185330.447:ERROR:process_reader_win.cc(151)] SuspendThread: ???????? ? ???????. (0x5)
[1120/185330.447:ERROR:process_reader_win.cc(151)] SuspendThread: ???????? ? ???????. (0x5)
[1120/185330.447:ERROR:process_reader_win.cc(151)] SuspendThread: ???????? ? ???????. (0x5)
[1120/185330.447:ERROR:process_reader_win.cc(151)] SuspendThread: ???????? ? ???????. (0x5)
[1120/185330.447:ERROR:process_reader_win.cc(151)] SuspendThread: ???????? ? ???????. (0x5)
[1120/185330.447:ERROR:process_reader_win.cc(151)] SuspendThread: ???????? ? ???????. (0x5)
[1120/185330.447:ERROR:process_reader_win.cc(123)] NtOpenThread: {???????? ? ???????} ??????? ???????? ?????? ? ???????, ?? ????? ?? ?????? ?? ?????????????. (0xc0000022)
[1120/185330.447:ERROR:exception_snapshot_win.cc(99)] thread ID 18520 not found in process
[1120/185330.450:ERROR:process_reader_win.cc(151)] SuspendThread: ???????? ? ???????. (0x5)
[1120/185330.450:ERROR:process_reader_win.cc(151)] SuspendThread: ???????? ? ???????. (0x5)
[1120/185330.450:ERROR:process_reader_win.cc(151)] SuspendThread: ???????? ? ???????. (0x5)
[1120/185330.450:ERROR:process_reader_win.cc(151)] SuspendThread: ???????? ? ???????. (0x5)
[1120/185330.450:ERROR:process_reader_win.cc(151)] SuspendThread: ???????? ? ???????. (0x5)
[1120/185330.451:ERROR:process_reader_win.cc(151)] SuspendThread: ???????? ? ???????. (0x5)
[1120/185330.451:ERROR:process_reader_win.cc(151)] SuspendThread: ???????? ? ???????. (0x5)
[1120/185330.451:ERROR:process_reader_win.cc(151)] SuspendThread: ???????? ? ???????. (0x5)
[1120/185330.451:ERROR:process_reader_win.cc(151)] SuspendThread: ???????? ? ???????. (0x5)
[1120/185330.451:ERROR:process_reader_win.cc(151)] SuspendThread: ???????? ? ???????. (0x5)
[1120/185330.451:ERROR:process_reader_win.cc(151)] SuspendThread: ???????? ? ???????. (0x5)
[1120/185330.451:ERROR:process_reader_win.cc(151)] SuspendThread: ???????? ? ???????. (0x5)
[1120/185330.451:ERROR:process_reader_win.cc(151)] SuspendThread: ???????? ? ???????. (0x5)
[1120/185330.451:ERROR:process_reader_win.cc(151)] SuspendThread: ???????? ? ???????. (0x5)
[1120/185330.451:ERROR:process_reader_win.cc(151)] SuspendThread: ???????? ? ???????. (0x5)
[1120/185330.451:ERROR:process_reader_win.cc(123)] NtOpenThread: {???????? ? ???????} ??????? ???????? ?????? ? ???????, ?? ????? ?? ?????? ?? ?????????????. (0xc0000022)
[1120/185330.451:ERROR:process_reader_win.cc(151)] SuspendThread: ???????? ? ???????. (0x5)
[1120/185330.451:ERROR:exception_snapshot_win.cc(99)] thread ID 27196 not found in process
[1120/185330.451:ERROR:process_reader_win.cc(151)] SuspendThread: ???????? ? ???????. (0x5)
[1120/185330.452:ERROR:process_reader_win.cc(151)] SuspendThread: ???????? ? ???????. (0x5)
[1120/185330.452:ERROR:process_reader_win.cc(151)] SuspendThread: ???????? ? ???????. (0x5)
[1120/185330.452:ERROR:process_reader_win.cc(151)] SuspendThread: ???????? ? ???????. (0x5)
[1120/185330.452:ERROR:process_reader_win.cc(151)] SuspendThread: ???????? ? ???????. (0x5)
[1120/185330.452:ERROR:process_reader_win.cc(151)] SuspendThread: ???????? ? ???????. (0x5)
[1120/185330.452:ERROR:process_reader_win.cc(151)] SuspendThread: ???????? ? ???????. (0x5)
[1120/185330.452:ERROR:process_reader_win.cc(151)] SuspendThread: ???????? ? ???????. (0x5)
[1120/185330.452:ERROR:process_reader_win.cc(151)] SuspendThread: ???????? ? ???????. (0x5)
[1120/185330.452:ERROR:process_reader_win.cc(151)] SuspendThread: ???????? ? ???????. (0x5)
[1120/185330.453:ERROR:process_reader_win.cc(151)] SuspendThread: ???????? ? ???????. (0x5)
[1120/185330.453:ERROR:process_reader_win.cc(151)] SuspendThread: ???????? ? ???????. (0x5)
[1120/185330.453:ERROR:process_reader_win.cc(123)] NtOpenThread: {???????? ? ???????} ??????? ???????? ?????? ? ???????, ?? ????? ?? ?????? ?? ?????????????. (0xc0000022)
[1120/185330.453:ERROR:exception_snapshot_win.cc(99)] thread ID 19268 not found in process
[1120/185330.453:ERROR:process_reader_win.cc(151)] SuspendThread: ???????? ? ???????. (0x5)
[1120/185330.453:ERROR:process_reader_win.cc(151)] SuspendThread: ???????? ? ???????. (0x5)
[1120/185330.453:ERROR:process_reader_win.cc(151)] SuspendThread: ???????? ? ???????. (0x5)
[1120/185330.453:ERROR:process_reader_win.cc(151)] SuspendThread: ???????? ? ???????. (0x5)
[1120/185330.453:ERROR:process_reader_win.cc(151)] SuspendThread: ???????? ? ???????. (0x5)
[1120/185330.453:ERROR:process_reader_win.cc(151)] SuspendThread: ???????? ? ???????. (0x5)
[1120/185330.453:ERROR:process_reader_win.cc(151)] SuspendThread: ???????? ? ???????. (0x5)
[1120/185330.454:ERROR:process_reader_win.cc(151)] SuspendThread: ???????? ? ???????. (0x5)
[1120/185330.454:ERROR:process_reader_win.cc(151)] SuspendThread: ???????? ? ???????. (0x5)
[1120/185330.454:ERROR:process_reader_win.cc(151)] SuspendThread: ???????? ? ???????. (0x5)
[1120/185330.454:ERROR:process_reader_win.cc(151)] SuspendThread: ???????? ? ???????. (0x5)
[1120/185330.454:ERROR:process_reader_win.cc(151)] SuspendThread: ???????? ? ???????. (0x5)
[1120/185330.454:ERROR:process_reader_win.cc(151)] SuspendThread: ???????? ? ???????. (0x5)
[1120/185330.454:ERROR:process_reader_win.cc(151)] SuspendThread: ???????? ? ???????. (0x5)
[1120/185330.454:ERROR:process_reader_win.cc(123)] NtOpenThread: {???????? ? ???????} ??????? ???????? ?????? ? ???????, ?? ????? ?? ?????? ?? ?????????????. (0xc0000022)
[1120/185330.454:ERROR:exception_snapshot_win.cc(99)] thread ID 18500 not found in process
[1120/185330.458:ERROR:process_reader_win.cc(151)] SuspendThread: ???????? ? ???????. (0x5)
[1120/185330.458:ERROR:process_reader_win.cc(151)] SuspendThread: ???????? ? ???????. (0x5)
[1120/185330.458:ERROR:process_reader_win.cc(151)] SuspendThread: ???????? ? ???????. (0x5)
[1120/185330.458:ERROR:process_reader_win.cc(151)] SuspendThread: ???????? ? ???????. (0x5)
[1120/185330.458:ERROR:process_reader_win.cc(151)] SuspendThread: ???????? ? ???????. (0x5)
[1120/185330.458:ERROR:process_reader_win.cc(151)] SuspendThread: ???????? ? ???????. (0x5)
[1120/185330.458:ERROR:process_reader_win.cc(151)] SuspendThread: ???????? ? ???????. (0x5)
[1120/185330.458:ERROR:process_reader_win.cc(151)] SuspendThread: ???????? ? ???????. (0x5)
[1120/185330.458:ERROR:process_reader_win.cc(151)] SuspendThread: ???????? ? ???????. (0x5)
[1120/185330.458:ERROR:process_reader_win.cc(123)] NtOpenThread: {???????? ? ???????} ??????? ???????? ?????? ? ???????, ?? ????? ?? ?????? ?? ?????????????. (0xc0000022)
[1120/185330.459:ERROR:exception_snapshot_win.cc(99)] thread ID 23296 not found in process
[1120/185330.463:ERROR:process_reader_win.cc(151)] SuspendThread: ???????? ? ???????. (0x5)
[1120/185330.463:ERROR:process_reader_win.cc(151)] SuspendThread: ???????? ? ???????. (0x5)
[1120/185330.463:ERROR:process_reader_win.cc(151)] SuspendThread: ???????? ? ???????. (0x5)
[1120/185330.463:ERROR:process_reader_win.cc(151)] SuspendThread: ???????? ? ???????. (0x5)
[1120/185330.464:ERROR:process_reader_win.cc(151)] SuspendThread: ???????? ? ???????. (0x5)
[1120/185330.464:ERROR:process_reader_win.cc(151)] SuspendThread: ???????? ? ???????. (0x5)
[1120/185330.464:ERROR:process_reader_win.cc(151)] SuspendThread: ???????? ? ???????. (0x5)
[1120/185330.464:ERROR:process_reader_win.cc(151)] SuspendThread: ???????? ? ???????. (0x5)
[1120/185330.464:ERROR:process_reader_win.cc(151)] SuspendThread: ???????? ? ???????. (0x5)
[1120/185330.464:ERROR:process_reader_win.cc(151)] SuspendThread: ???????? ? ???????. (0x5)
[1120/185330.464:ERROR:process_reader_win.cc(123)] NtOpenThread: {???????? ? ???????} ??????? ???????? ?????? ? ???????, ?? ????? ?? ?????? ?? ?????????????. (0xc0000022)
[1120/185330.464:ERROR:exception_snapshot_win.cc(99)] thread ID 6432 not found in process
[1120/185330.466:ERROR:process_reader_win.cc(151)] SuspendThread: ???????? ? ???????. (0x5)
[1120/185330.467:ERROR:process_reader_win.cc(151)] SuspendThread: ???????? ? ???????. (0x5)
[1120/185330.467:ERROR:process_reader_win.cc(151)] SuspendThread: ???????? ? ???????. (0x5)
[1120/185330.467:ERROR:process_reader_win.cc(151)] SuspendThread: ???????? ? ???????. (0x5)
[1120/185330.467:ERROR:process_reader_win.cc(151)] SuspendThread: ???????? ? ???????. (0x5)
[1120/185330.467:ERROR:process_reader_win.cc(151)] SuspendThread: ???????? ? ???????. (0x5)
[1120/185330.467:ERROR:process_reader_win.cc(151)] SuspendThread: ???????? ? ???????. (0x5)
[1120/185330.467:ERROR:process_reader_win.cc(151)] SuspendThread: ???????? ? ???????. (0x5)
[1120/185330.467:ERROR:process_reader_win.cc(151)] SuspendThread: ???????? ? ???????. (0x5)
[1120/185330.467:ERROR:process_reader_win.cc(123)] NtOpenThread: {???????? ? ???????} ??????? ???????? ?????? ? ???????, ?? ????? ?? ?????? ?? ?????????????. (0xc0000022)
[1120/185330.467:ERROR:exception_snapshot_win.cc(99)] thread ID 15796 not found in process
[1120/185330.468:ERROR:process_reader_win.cc(151)] SuspendThread: ???????? ? ???????. (0x5)
[1120/185330.468:ERROR:process_reader_win.cc(151)] SuspendThread: ???????? ? ???????. (0x5)
[1120/185330.468:ERROR:process_reader_win.cc(151)] SuspendThread: ???????? ? ???????. (0x5)
[1120/185330.468:ERROR:process_reader_win.cc(151)] SuspendThread: ???????? ? ???????. (0x5)
[1120/185330.468:ERROR:process_reader_win.cc(151)] SuspendThread: ???????? ? ???????. (0x5)
[1120/185330.468:ERROR:process_reader_win.cc(151)] SuspendThread: ???????? ? ???????. (0x5)
[1120/185330.468:ERROR:process_reader_win.cc(151)] SuspendThread: ???????? ? ???????. (0x5)
[1120/185330.468:ERROR:process_reader_win.cc(151)] SuspendThread: ???????? ? ???????. (0x5)
[1120/185330.468:ERROR:process_reader_win.cc(151)] SuspendThread: ???????? ? ???????. (0x5)
[1120/185330.468:ERROR:process_reader_win.cc(151)] SuspendThread: ???????? ? ???????. (0x5)
[1120/185330.468:ERROR:process_reader_win.cc(123)] NtOpenThread: {???????? ? ???????} ??????? ???????? ?????? ? ???????, ?? ????? ?? ?????? ?? ?????????????. (0xc0000022)
[1120/185330.468:ERROR:exception_snapshot_win.cc(99)] thread ID 26844 not found in process
[1120/185330.485:ERROR:process_reader_win.cc(151)] SuspendThread: ???????? ? ???????. (0x5)
[1120/185330.485:ERROR:process_reader_win.cc(151)] SuspendThread: ???????? ? ???????. (0x5)
[1120/185330.485:ERROR:process_reader_win.cc(151)] SuspendThread: ???????? ? ???????. (0x5)
[1120/185330.486:ERROR:process_reader_win.cc(151)] SuspendThread: ???????? ? ???????. (0x5)
[1120/185330.486:ERROR:process_reader_win.cc(151)] SuspendThread: ???????? ? ???????. (0x5)
[1120/185330.486:ERROR:process_reader_win.cc(151)] SuspendThread: ???????? ? ???????. (0x5)
[1120/185330.486:ERROR:process_reader_win.cc(151)] SuspendThread: ???????? ? ???????. (0x5)
[1120/185330.486:ERROR:process_reader_win.cc(151)] SuspendThread: ???????? ? ???????. (0x5)
[1120/185330.487:ERROR:process_reader_win.cc(151)] SuspendThread: ???????? ? ???????. (0x5)
[1120/185330.487:ERROR:process_reader_win.cc(151)] SuspendThread: ???????? ? ???????. (0x5)
[1120/185330.487:ERROR:process_reader_win.cc(123)] NtOpenThread: {???????? ? ???????} ??????? ???????? ?????? ? ???????, ?? ????? ?? ?????? ?? ?????????????. (0xc0000022)
[1120/185330.487:ERROR:exception_snapshot_win.cc(99)] thread ID 18508 not found in process
[1120/185330.488:ERROR:process_reader_win.cc(151)] SuspendThread: ???????? ? ???????. (0x5)
[1120/185330.488:ERROR:process_reader_win.cc(151)] SuspendThread: ???????? ? ???????. (0x5)
[1120/185330.488:ERROR:process_reader_win.cc(151)] SuspendThread: ???????? ? ???????. (0x5)
[1120/185330.488:ERROR:process_reader_win.cc(151)] SuspendThread: ???????? ? ???????. (0x5)
[1120/185330.488:ERROR:process_reader_win.cc(151)] SuspendThread: ???????? ? ???????. (0x5)
[1120/185330.488:ERROR:process_reader_win.cc(151)] SuspendThread: ???????? ? ???????. (0x5)
[1120/185330.489:ERROR:process_reader_win.cc(151)] SuspendThread: ???????? ? ???????. (0x5)
[1120/185330.489:ERROR:process_reader_win.cc(151)] SuspendThread: ???????? ? ???????. (0x5)
[1120/185330.489:ERROR:process_reader_win.cc(151)] SuspendThread: ???????? ? ???????. (0x5)
[1120/185330.489:ERROR:process_reader_win.cc(151)] SuspendThread: ???????? ? ???????. (0x5)
[1120/185330.489:ERROR:process_reader_win.cc(151)] SuspendThread: ???????? ? ???????. (0x5)
[1120/185330.489:ERROR:process_reader_win.cc(123)] NtOpenThread: {???????? ? ???????} ??????? ???????? ?????? ? ???????, ?? ????? ?? ?????? ?? ?????????????. (0xc0000022)
[1120/185330.489:ERROR:exception_snapshot_win.cc(99)] thread ID 28688 not found in process
[1120/185330.491:ERROR:process_reader_win.cc(151)] SuspendThread: ???????? ? ???????. (0x5)
[1120/185330.492:ERROR:process_reader_win.cc(151)] SuspendThread: ???????? ? ???????. (0x5)
[1120/185330.492:ERROR:process_reader_win.cc(151)] SuspendThread: ???????? ? ???????. (0x5)
[1120/185330.492:ERROR:process_reader_win.cc(151)] SuspendThread: ???????? ? ???????. (0x5)
[1120/185330.492:ERROR:process_reader_win.cc(151)] SuspendThread: ???????? ? ???????. (0x5)
[1120/185330.492:ERROR:process_reader_win.cc(151)] SuspendThread: ???????? ? ???????. (0x5)
[1120/185330.492:ERROR:process_reader_win.cc(151)] SuspendThread: ???????? ? ???????. (0x5)
[1120/185330.492:ERROR:process_reader_win.cc(151)] SuspendThread: ???????? ? ???????. (0x5)
[1120/185330.493:ERROR:process_reader_win.cc(151)] SuspendThread: ???????? ? ???????. (0x5)
[1120/185330.493:ERROR:process_reader_win.cc(151)] SuspendThread: ???????? ? ???????. (0x5)
[1120/185330.493:ERROR:process_reader_win.cc(151)] SuspendThread: ???????? ? ???????. (0x5)
[1120/185330.493:ERROR:process_reader_win.cc(151)] SuspendThread: ???????? ? ???????. (0x5)
[1120/185330.493:ERROR:process_reader_win.cc(151)] SuspendThread: ???????? ? ???????. (0x5)
[1120/185330.493:ERROR:process_reader_win.cc(151)] SuspendThread: ???????? ? ???????. (0x5)
[1120/185330.493:ERROR:process_reader_win.cc(151)] SuspendThread: ???????? ? ???????. (0x5)
[1120/185330.493:ERROR:process_reader_win.cc(151)] SuspendThread: ???????? ? ???????. (0x5)
[1120/185330.493:ERROR:process_reader_win.cc(151)] SuspendThread: ???????? ? ???????. (0x5)
[1120/185330.493:ERROR:process_reader_win.cc(151)] SuspendThread: ???????? ? ???????. (0x5)
[1120/185330.493:ERROR:process_reader_win.cc(123)] NtOpenThread: {???????? ? ???????} ??????? ???????? ?????? ? ???????, ?? ????? ?? ?????? ?? ?????????????. (0xc0000022)
[1120/185330.493:ERROR:process_reader_win.cc(151)] SuspendThread: ???????? ? ???????. (0x5)
[1120/185330.493:ERROR:process_reader_win.cc(123)] NtOpenThread: {???????? ? ???????} ??????? ???????? ?????? ? ???????, ?? ????? ?? ?????? ?? ?????????????. (0xc0000022)
[1120/185330.493:ERROR:exception_snapshot_win.cc(99)] thread ID 9964 not found in process
[1120/185330.493:ERROR:exception_snapshot_win.cc(99)] thread ID 7216 not found in process
[1123/110808.326:ERROR:directory_reader_win.cc(43)] FindFirstFile: ??????? ?? ??????? ????? ????????? ????. (0x3)
